2024-09-26 22:57:28.338 | INFO     | __main__:start_params:14 - Bot started
2024-09-26 22:57:36.293 | INFO     | app.handlers.start:process_start:12 - user ykoroii connected
2024-09-27 00:00:49.852 | INFO     | __main__:start_params:14 - Bot started
2024-09-27 00:01:29.283 | INFO     | __main__:start_params:14 - Bot started
2024-09-27 00:01:30.902 | INFO     | app.handlers.start:process_start:12 - user ykoroii connected
2024-09-27 00:01:49.675 | INFO     | __main__:start_params:14 - Bot started
2024-09-27 00:01:50.736 | INFO     | app.handlers.start:process_start:12 - user ykoroii connected
2024-09-27 00:03:04.081 | INFO     | __main__:start_params:14 - Bot started
2024-09-27 00:03:07.779 | INFO     | app.handlers.start:process_start:12 - user ykoroii connected
2024-09-27 00:04:12.388 | INFO     | __main__:start_params:15 - Bot started
2024-09-27 00:04:16.262 | INFO     | app.handlers.start:process_start:12 - user ykoroii connected
2024-09-27 01:12:44.656 | INFO     | __main__:start_params:16 - Bot started
2024-09-27 01:13:06.567 | INFO     | __main__:start_params:16 - Bot started
2024-09-27 01:13:11.231 | INFO     | app.handlers.start:process_start:12 - user ykoroii connected
2024-09-27 01:14:13.884 | INFO     | __main__:start_params:16 - Bot started
2024-09-27 01:14:15.571 | INFO     | app.handlers.start:process_start:12 - user ykoroii connected
2024-09-27 01:14:37.873 | INFO     | __main__:start_params:16 - Bot started
2024-09-27 01:14:41.609 | INFO     | app.handlers.start:process_start:12 - user ykoroii connected
2024-09-27 01:14:51.470 | INFO     | __main__:start_params:16 - Bot started
2024-09-27 01:14:57.473 | INFO     | app.handlers.start:process_start:12 - user ykoroii connected
2024-09-27 01:22:37.030 | INFO     | __main__:start_params:16 - Bot started
2024-09-27 01:22:39.729 | INFO     | app.handlers.start:process_start:12 - user ykoroii connected
2024-09-27 03:07:52.869 | INFO     | __main__:start_params:16 - Bot started
2024-09-27 03:09:18.583 | INFO     | __main__:start_params:16 - Bot started
2024-09-27 03:09:25.995 | INFO     | app.handlers.start:process_start:12 - user ykoroii connected
2024-09-29 13:28:12.982 | INFO     | __main__:start_params:16 - Bot started
2024-09-29 13:28:33.895 | INFO     | app.handlers.start:process_start:12 - user ykoroii connected
2024-09-29 13:30:10.180 | INFO     | __main__:start_params:16 - Bot started
2024-09-29 13:30:13.284 | INFO     | app.handlers.start:process_start:12 - user ykoroii connected
2024-09-29 13:42:58.505 | INFO     | __main__:start_params:16 - Bot started
2024-09-29 13:43:03.400 | INFO     | app.handlers.start:process_start:12 - user ykoroii connected
2024-09-29 14:59:12.992 | INFO     | __main__:start_params:16 - Bot started
2024-09-29 14:59:18.626 | INFO     | app.handlers.start:process_start:12 - user ykoroii connected
2024-09-29 15:14:47.529 | INFO     | __main__:start_params:16 - Bot started
2024-09-29 15:14:56.063 | INFO     | app.handlers.start:process_start:12 - user ykoroii connected
2024-09-29 15:26:08.378 | INFO     | __main__:start_params:16 - Bot started
2024-09-29 15:26:09.821 | INFO     | app.handlers.start:process_start:12 - user ykoroii connected
2024-09-29 15:48:43.902 | INFO     | __main__:start_params:16 - Bot started
2024-09-29 15:48:57.095 | INFO     | app.handlers.start:process_start:12 - user ykoroii connected
2024-09-29 16:15:06.631 | INFO     | __main__:start_params:16 - Bot started
2024-09-29 16:29:30.671 | INFO     | app.handlers.start:process_start:12 - user ykoroii connected
2024-10-01 15:01:42.989 | INFO     | app.handlers.start:process_start:12 - user ykoroii connected
2024-10-01 15:05:11.678 | INFO     | __main__:start_params:16 - Bot started
2024-10-01 15:05:14.922 | INFO     | app.handlers.start:process_start:13 - user ykoroii connected
2024-10-01 15:05:21.678 | INFO     | app.handlers.start:process_start:13 - user ykoroii connected
2024-10-01 15:05:42.999 | INFO     | app.handlers.start:process_start:13 - user ykoroii connected
2024-10-01 15:06:24.384 | INFO     | __main__:start_params:16 - Bot started
2024-10-01 15:06:39.532 | INFO     | __main__:start_params:16 - Bot started
2024-10-01 15:06:46.842 | INFO     | __main__:start_params:16 - Bot started
2024-10-01 15:06:51.692 | INFO     | app.handlers.start:process_start:13 - user ykoroii connected
2024-10-01 15:12:07.746 | INFO     | __main__:start_params:16 - Bot started
2024-10-01 15:12:19.349 | INFO     | app.handlers.start:process_start:14 - user ykoroii connected
2024-10-01 21:56:31.950 | INFO     | __main__:start_params:16 - Bot started
2024-10-02 17:51:09.468 | INFO     | app.handlers.start:process_start:14 - user yt_nlnm connected
2024-10-02 17:51:09.468 | INFO     | app.handlers.start:process_start:14 - user yt_nlnm connected
2024-10-02 17:51:09.468 | INFO     | app.handlers.start:process_start:14 - user irisanagents connected
2024-10-02 18:41:48.796 | INFO     | __main__:start_params:16 - Bot started
2024-10-02 18:41:58.119 | INFO     | app.handlers.start:process_start:15 - user ykoroii connected
2024-10-02 18:42:21.594 | INFO     | __main__:start_params:17 - Bot started
2024-10-02 18:44:21.681 | INFO     | __main__:start_params:17 - Bot started
2024-10-02 18:44:26.079 | INFO     | app.handlers.start:process_start:16 - user ykoroii connected
2024-10-02 18:44:40.832 | INFO     | __main__:start_params:17 - Bot started
2024-10-02 18:44:44.391 | INFO     | app.handlers.start:process_start:16 - user ykoroii connected
2024-10-02 18:45:04.964 | INFO     | app.handlers.start:process_start:16 - user ykoroii connected
2024-10-02 18:46:42.120 | INFO     | __main__:start_params:17 - Bot started
2024-10-02 18:47:20.219 | INFO     | __main__:start_params:17 - Bot started
2024-10-02 18:47:22.018 | INFO     | app.handlers.start:process_start:16 - user ykoroii connected
2024-10-02 18:47:37.945 | INFO     | app.handlers.start:process_start:16 - user ykoroii connected
2024-10-02 18:58:10.619 | INFO     | __main__:start_params:17 - Bot started
2024-10-02 18:58:16.940 | INFO     | app.handlers.start:process_start:16 - user ykoroii connected
2024-10-02 19:00:55.033 | INFO     | __main__:start_params:17 - Bot started
2024-10-02 19:00:57.360 | INFO     | app.handlers.start:process_start:16 - user ykoroii connected
2024-10-03 12:31:30.384 | INFO     | __main__:start_params:17 - Bot started
2024-10-03 12:31:34.446 | INFO     | app.handlers.start:process_start:16 - user ykoroii connected
2024-10-03 12:37:35.934 | INFO     | __main__:start_params:17 - Bot started
2024-10-03 12:37:38.776 | INFO     | app.handlers.start:process_start:16 - user ykoroii connected
2024-10-03 12:38:46.053 | INFO     | __main__:start_params:17 - Bot started
2024-10-03 12:38:51.159 | INFO     | app.handlers.start:process_start:16 - user ykoroii connected
2024-10-03 12:40:07.624 | INFO     | __main__:start_params:17 - Bot started
2024-10-03 12:40:09.637 | INFO     | app.handlers.start:process_start:16 - user ykoroii connected
2024-10-03 12:56:49.654 | INFO     | __main__:start_params:17 - Bot started
2024-10-03 12:56:56.700 | INFO     | app.handlers.start:process_start:16 - user ykoroii connected
2024-10-03 12:58:39.195 | INFO     | __main__:start_params:17 - Bot started
2024-10-03 12:58:42.072 | INFO     | app.handlers.start:process_start:16 - user ykoroii connected
2024-10-03 13:00:03.700 | INFO     | __main__:start_params:17 - Bot started
2024-10-03 13:00:19.147 | INFO     | app.handlers.start:process_start:16 - user ykoroii connected
2024-10-03 13:04:41.104 | INFO     | __main__:start_params:17 - Bot started
2024-10-03 13:04:44.366 | INFO     | app.handlers.start:process_start:16 - user ykoroii connected
2024-10-03 13:06:01.385 | INFO     | __main__:start_params:17 - Bot started
2024-10-03 13:06:04.715 | INFO     | app.handlers.start:process_start:16 - user ykoroii connected
2024-10-03 13:11:20.923 | INFO     | __main__:start_params:17 - Bot started
2024-10-03 13:11:24.207 | INFO     | app.handlers.start:process_start:16 - user ykoroii connected
2024-10-03 13:13:11.610 | INFO     | __main__:start_params:17 - Bot started
2024-10-03 13:13:14.475 | INFO     | app.handlers.start:process_start:16 - user ykoroii connected
2024-10-03 13:14:33.288 | INFO     | __main__:start_params:17 - Bot started
2024-10-03 13:14:35.002 | INFO     | app.handlers.start:process_start:16 - user ykoroii connected
2024-10-03 13:15:38.148 | INFO     | __main__:start_params:17 - Bot started
2024-10-03 13:15:39.783 | INFO     | app.handlers.start:process_start:16 - user ykoroii connected
2024-10-03 13:24:21.177 | INFO     | __main__:start_params:17 - Bot started
2024-10-03 13:36:00.805 | INFO     | __main__:start_params:17 - Bot started
2024-10-03 13:36:02.560 | INFO     | app.handlers.start:process_start:16 - user ykoroii connected
2024-10-03 13:54:33.943 | INFO     | __main__:start_params:17 - Bot started
2024-10-03 13:54:35.884 | INFO     | app.handlers.start:process_start:16 - user ykoroii connected
2024-10-03 13:55:34.228 | INFO     | __main__:start_params:17 - Bot started
2024-10-03 13:55:36.130 | INFO     | app.handlers.start:process_start:16 - user ykoroii connected
2024-10-03 14:03:17.645 | INFO     | __main__:start_params:17 - Bot started
2024-10-03 14:03:19.263 | INFO     | app.handlers.start:process_start:16 - user ykoroii connected
2024-10-03 14:04:15.532 | INFO     | __main__:start_params:17 - Bot started
2024-10-03 14:04:16.711 | INFO     | app.handlers.start:process_start:16 - user ykoroii connected
2024-10-03 14:05:33.125 | INFO     | __main__:start_params:17 - Bot started
2024-10-03 14:05:42.964 | INFO     | app.handlers.start:process_start:16 - user ykoroii connected
2024-10-05 19:07:34.687 | INFO     | __main__:start_params:17 - Bot started
2024-10-05 19:07:41.188 | INFO     | app.handlers.start:process_start:16 - user ykoroii connected
2024-10-05 19:10:57.551 | INFO     | __main__:start_params:17 - Bot started
2024-10-05 19:11:02.659 | INFO     | app.handlers.start:process_start:16 - user ykoroii connected
2024-10-05 19:14:08.527 | INFO     | __main__:start_params:17 - Bot started
2024-10-05 19:14:09.357 | INFO     | app.handlers.start:process_start:16 - user ykoroii connected
2024-10-05 19:18:45.071 | INFO     | __main__:start_params:17 - Bot started
2024-10-05 19:18:48.391 | INFO     | app.handlers.start:process_start:16 - user ykoroii connected
2024-10-05 19:25:19.684 | INFO     | __main__:start_params:17 - Bot started
2024-10-05 19:25:22.318 | INFO     | app.handlers.start:process_start:16 - user ykoroii connected
2024-10-05 19:27:11.968 | INFO     | app.handlers.start:process_start:16 - user ykoroii connected
2024-10-05 19:28:34.086 | INFO     | __main__:start_params:17 - Bot started
2024-10-05 19:28:36.556 | INFO     | app.handlers.start:process_start:16 - user ykoroii connected
2024-10-05 19:36:12.507 | INFO     | __main__:start_params:17 - Bot started
2024-10-05 19:36:14.670 | INFO     | app.handlers.start:process_start:16 - user ykoroii connected
2024-10-05 19:36:35.565 | INFO     | app.handlers.start:process_start:16 - user ykoroii connected
2024-10-05 19:40:21.046 | INFO     | app.handlers.start:process_start:16 - user ykoroii connected
2024-10-06 16:13:50.982 | INFO     | __main__:start_params:17 - Bot started
2024-10-06 16:14:07.197 | INFO     | __main__:start_params:17 - Bot started
2024-10-06 16:14:28.614 | INFO     | __main__:start_params:17 - Bot started
2024-10-06 16:15:13.468 | INFO     | app.handlers.start:process_start:16 - user yt_nlnm connected
2024-10-06 16:15:29.664 | INFO     | app.handlers.start:process_start:16 - user yt_nlnm connected
2024-10-06 16:21:37.025 | INFO     | app.handlers.start:process_start:16 - user Natapeanut connected
2024-10-06 17:04:49.917 | INFO     | __main__:start_params:17 - Bot started
2024-10-07 01:09:20.300 | INFO     | __main__:start_params:17 - Bot started
